# JRE version: Java(TM) SE Runtime Environment (8.0_121-b13) (build 1.8.0_121-b13)
# Java VM: Java HotSpot(TM) 64-Bit Server VM (25.121-b13 mixed mode bsd-amd64 compressed oops)
Heap:
 garbage-first heap   total 512000K, used 509636K [0x00000007a0c00000, 0x00000007a0d00fa0, 0x00000007c0000000)
  region size 1024K, 0 young (0K), 0 survivors (0K)
 Metaspace       used 47983K, capacity 53494K, committed 54272K, reserved 1097728K
  class space    used 6410K, capacity 6715K, committed 6912K, reserved 1048576K
GC Heap History (10 events):
Event: 5052.588 GC heap after
Heap after GC invocations=8555 (full 968):
 garbage-first heap   total 512000K, used 509636K [0x00000007a0c00000, 0x00000007a0d00fa0, 0x00000007c0000000)
  region size 1024K, 0 young (0K), 0 survivors (0K)
 Metaspace       used 47983K, capacity 53494K, committed 54272K, reserved 1097728K
  class space    used 6410K, capacity 6715K, committed 6912K, reserved 1048576K
}
Event: 5052.588 GC heap before
{Heap before GC invocations=8555 (full 968):
 garbage-first heap   total 512000K, used 509636K [0x00000007a0c00000, 0x00000007a0d00fa0, 0x00000007c0000000)
  region size 1024K, 0 young (0K), 0 survivors (0K)
 Metaspace       used 47983K, capacity 53494K, committed 54272K, reserved 1097728K
  class space    used 6410K, capacity 6715K, committed 6912K, reserved 1048576K
Event: 5054.038 GC heap after
Heap after GC invocations=8556 (full 969):
 garbage-first heap   total 512000K, used 509636K [0x00000007a0c00000, 0x00000007a0d00fa0, 0x00000007c0000000)
  region size 1024K, 0 young (0K), 0 survivors (0K)
 Metaspace       used 47983K, capacity 53494K, committed 54272K, reserved 1097728K
  class space    used 6410K, capacity 6715K, committed 6912K, reserved 1048576K
}
Event: 5054.038 GC heap before
{Heap before GC invocations=8556 (full 969):
 garbage-first heap   total 512000K, used 509636K [0x00000007a0c00000, 0x00000007a0d00fa0, 0x00000007c0000000)
  region size 1024K, 0 young (0K), 0 survivors (0K)
 Metaspace       used 47983K, capacity 53494K, committed 54272K, reserved 1097728K
  class space    used 6410K, capacity 6715K, committed 6912K, reserved 1048576K
Event: 5055.492 GC heap after
Heap after GC invocations=8557 (full 970):
 garbage-first heap   total 512000K, used 509636K [0x00000007a0c00000, 0x00000007a0d00fa0, 0x00000007c0000000)
  region size 1024K, 0 young (0K), 0 survivors (0K)
 Metaspace       used 47983K, capacity 53494K, committed 54272K, reserved 1097728K
  class space    used 6410K, capacity 6715K, committed 6912K, reserved 1048576K
}
Event: 5055.492 GC heap before
{Heap before GC invocations=8557 (full 970):
 garbage-first heap   total 512000K, used 509636K [0x00000007a0c00000, 0x00000007a0d00fa0, 0x00000007c0000000)
  region size 1024K, 0 young (0K), 0 survivors (0K)
 Metaspace       used 47983K, capacity 53494K, committed 54272K, reserved 1097728K
  class space    used 6410K, capacity 6715K, committed 6912K, reserved 1048576K
Event: 5055.495 GC heap after
Heap after GC invocations=8558 (full 970):
 garbage-first heap   total 512000K, used 509636K [0x00000007a0c00000, 0x00000007a0d00fa0, 0x00000007c0000000)
  region size 1024K, 0 young (0K), 0 survivors (0K)
 Metaspace       used 47983K, capacity 53494K, committed 54272K, reserved 1097728K
  class space    used 6410K, capacity 6715K, committed 6912K, reserved 1048576K
}
Event: 5055.495 GC heap before
{Heap before GC invocations=8558 (full 970):
 garbage-first heap   total 512000K, used 509636K [0x00000007a0c00000, 0x00000007a0d00fa0, 0x00000007c0000000)
  region size 1024K, 0 young (0K), 0 survivors (0K)
 Metaspace       used 47983K, capacity 53494K, committed 54272K, reserved 1097728K
  class space    used 6410K, capacity 6715K, committed 6912K, reserved 1048576K
Event: 5055.497 GC heap after
Heap after GC invocations=8559 (full 970):
 garbage-first heap   total 512000K, used 509636K [0x00000007a0c00000, 0x00000007a0d00fa0, 0x00000007c0000000)
  region size 1024K, 0 young (0K), 0 survivors (0K)
 Metaspace       used 47983K, capacity 53494K, committed 54272K, reserved 1097728K
  class space    used 6410K, capacity 6715K, committed 6912K, reserved 1048576K
}
Event: 5055.497 GC heap before
{Heap before GC invocations=8559 (full 970):
 garbage-first heap   total 512000K, used 509636K [0x00000007a0c00000, 0x00000007a0d00fa0, 0x00000007c0000000)
  region size 1024K, 0 young (0K), 0 survivors (0K)
 Metaspace       used 47983K, capacity 53494K, committed 54272K, reserved 1097728K
  class space    used 6410K, capacity 6715K, committed 6912K, reserved 1048576K

